build/app/intermediates/manifest_merge_blame_file/release/processReleaseMainManifest/manifest-merger-blame-release-report.txt
1<?xml version="1.0" encoding="utf-8"?>
2<manifest xmlns:android="http://schemas.android.com/apk/res/android"
3    package="com.example.flutter_test_app"
4    android:versionCode="1"
5    android:versionName="1.0.0" >
6
7    <uses-sdk
8        android:minSdkVersion="21"
9        android:targetSdkVersion="34" />
10
11    <uses-feature
11-->src\main\AndroidManifest.xml:2:5-85
12        android:name="android.hardware.camera"
12-->src\main\AndroidManifest.xml:2:19-57
13        android:required="false" />
13-->src\main\AndroidManifest.xml:2:58-82
14
15    <uses-permission android:name="android.permission.CAMERA" />
15-->src\main\AndroidManifest.xml:3:5-65
15-->src\main\AndroidManifest.xml:3:22-62
16    <uses-permission android:name="android.permission.FLASHLIGHT" />
16-->src\main\AndroidManifest.xml:4:5-69
16-->src\main\AndroidManifest.xml:4:22-66
17    <!--
18         Required to query activities that can process text, see:
19         https://developer.android.com/training/package-visibility and
20         https://developer.android.com/reference/android/content/Intent#ACTION_PROCESS_TEXT.
21
22         In particular, this is used by the Flutter engine in io.flutter.plugin.text.ProcessTextPlugin.
23    -->
24    <queries>
24-->src\main\AndroidManifest.xml:43:5-48:15
25        <intent>
25-->src\main\AndroidManifest.xml:44:9-47:18
26            <action android:name="android.intent.action.PROCESS_TEXT" />
26-->src\main\AndroidManifest.xml:45:13-72
26-->src\main\AndroidManifest.xml:45:21-70
27
28            <data android:mimeType="text/plain" />
28-->src\main\AndroidManifest.xml:46:13-50
28-->src\main\AndroidManifest.xml:46:19-48
29        </intent>
30    </queries>
31
32    <permission
32-->[androidx.core:core:1.13.1] AndroidManifest.xml:22:5-24:47
33        android:name="com.example.flutter_test_app.DYNAMIC_RECEIVER_NOT_EXPORTED_PERMISSION"
33-->[androidx.core:core:1.13.1] AndroidManifest.xml:23:9-81
34        android:protectionLevel="signature" />
34-->[androidx.core:core:1.13.1] AndroidManifest.xml:24:9-44
35
36    <uses-permission android:name="com.example.flutter_test_app.DYNAMIC_RECEIVER_NOT_EXPORTED_PERMISSION" /> <!-- Although the *SdkVersion is captured in gradle build files, this is required for non gradle builds -->
36-->[androidx.core:core:1.13.1] AndroidManifest.xml:26:5-97
36-->[androidx.core:core:1.13.1] AndroidManifest.xml:26:22-94
37    <!-- <uses-sdk android:minSdkVersion="14"/> -->
38    <uses-permission android:name="android.permission.ACCESS_NETWORK_STATE" />
38-->[com.google.android.datatransport:transport-backend-cct:2.3.3] AndroidManifest.xml:25:5-79
38-->[com.google.android.datatransport:transport-backend-cct:2.3.3] AndroidManifest.xml:25:22-76
39    <uses-permission android:name="android.permission.INTERNET" />
39-->[com.google.android.datatransport:transport-backend-cct:2.3.3] AndroidManifest.xml:26:5-67
39-->[com.google.android.datatransport:transport-backend-cct:2.3.3] AndroidManifest.xml:26:22-64
40
41    <application
42        android:name="android.app.Application"
42-->src\main\AndroidManifest.xml:8:9-42
43        android:appComponentFactory="androidx.core.app.CoreComponentFactory"
43-->[androidx.core:core:1.13.1] AndroidManifest.xml:28:18-86
44        android:extractNativeLibs="true"
45        android:icon="@mipmap/ic_launcher"
45-->src\main\AndroidManifest.xml:9:9-43
46        android:label="Barcode Scanner" >
46-->src\main\AndroidManifest.xml:7:9-40
47        <activity
47-->src\main\AndroidManifest.xml:10:9-31:20
48            android:name="com.example.flutter_test_app.MainActivity"
48-->src\main\AndroidManifest.xml:11:13-41
49            android:configChanges="orientation|keyboardHidden|keyboard|screenSize|smallestScreenSize|locale|layoutDirection|fontScale|screenLayout|density|uiMode"
49-->src\main\AndroidManifest.xml:16:13-163
50            android:exported="true"
50-->src\main\AndroidManifest.xml:12:13-36
51            android:hardwareAccelerated="true"
51-->src\main\AndroidManifest.xml:17:13-47
52            android:launchMode="singleTop"
52-->src\main\AndroidManifest.xml:13:13-43
53            android:taskAffinity=""
53-->src\main\AndroidManifest.xml:14:13-36
54            android:theme="@style/LaunchTheme"
54-->src\main\AndroidManifest.xml:15:13-47
55            android:windowSoftInputMode="adjustResize" >
55-->src\main\AndroidManifest.xml:18:13-55
56
57            <!--
58                 Specifies an Android theme to apply to this Activity as soon as
59                 the Android process has started. This theme is visible to the user
60                 while the Flutter UI initializes. After that, this theme continues
61                 to determine the Window background behind the Flutter UI.
62            -->
63            <meta-data
63-->src\main\AndroidManifest.xml:23:13-26:17
64                android:name="io.flutter.embedding.android.NormalTheme"
64-->src\main\AndroidManifest.xml:24:15-70
65                android:resource="@style/NormalTheme" />
65-->src\main\AndroidManifest.xml:25:15-52
66
67            <intent-filter>
67-->src\main\AndroidManifest.xml:27:13-30:29
68                <action android:name="android.intent.action.MAIN" />
68-->src\main\AndroidManifest.xml:28:17-68
68-->src\main\AndroidManifest.xml:28:25-66
69
70                <category android:name="android.intent.category.LAUNCHER" />
70-->src\main\AndroidManifest.xml:29:17-76
70-->src\main\AndroidManifest.xml:29:27-74
71            </intent-filter>
72        </activity>
73        <!--
74             Don't delete the meta-data below.
75             This is used by the Flutter tool to generate GeneratedPluginRegistrant.java
76        -->
77        <meta-data
77-->src\main\AndroidManifest.xml:34:9-36:33
78            android:name="flutterEmbedding"
78-->src\main\AndroidManifest.xml:35:13-44
79            android:value="2" />
79-->src\main\AndroidManifest.xml:36:13-30
80        <!--
81        Service for holding metadata. Cannot be instantiated.
82        Metadata will be merged from other manifests.
83        -->
84        <service
84-->[androidx.camera:camera-core:1.3.4] AndroidManifest.xml:29:9-33:78
85            android:name="androidx.camera.core.impl.MetadataHolderService"
85-->[androidx.camera:camera-core:1.3.4] AndroidManifest.xml:30:13-75
86            android:enabled="false"
86-->[androidx.camera:camera-core:1.3.4] AndroidManifest.xml:31:13-36
87            android:exported="false" >
87-->[androidx.camera:camera-core:1.3.4] AndroidManifest.xml:32:13-37
88            <meta-data
88-->[androidx.camera:camera-camera2:1.3.4] AndroidManifest.xml:30:13-32:89
89                android:name="androidx.camera.core.impl.MetadataHolderService.DEFAULT_CONFIG_PROVIDER"
89-->[androidx.camera:camera-camera2:1.3.4] AndroidManifest.xml:31:17-103
90                android:value="androidx.camera.camera2.Camera2Config$DefaultProvider" />
90-->[androidx.camera:camera-camera2:1.3.4] AndroidManifest.xml:32:17-86
91        </service>
92        <service
92-->[com.google.android.gms:play-services-mlkit-barcode-scanning:18.3.0] AndroidManifest.xml:9:9-15:19
93            android:name="com.google.mlkit.common.internal.MlKitComponentDiscoveryService"
93-->[com.google.android.gms:play-services-mlkit-barcode-scanning:18.3.0] AndroidManifest.xml:10:13-91
94            android:directBootAware="true"
94-->[com.google.mlkit:common:18.9.0] AndroidManifest.xml:17:13-43
95            android:exported="false" >
95-->[com.google.android.gms:play-services-mlkit-barcode-scanning:18.3.0] AndroidManifest.xml:11:13-37
96            <meta-data
96-->[com.google.android.gms:play-services-mlkit-barcode-scanning:18.3.0] AndroidManifest.xml:12:13-14:85
97                android:name="com.google.firebase.components:com.google.mlkit.vision.barcode.internal.BarcodeRegistrar"
97-->[com.google.android.gms:play-services-mlkit-barcode-scanning:18.3.0] AndroidManifest.xml:13:17-120
98                android:value="com.google.firebase.components.ComponentRegistrar" />
98-->[com.google.android.gms:play-services-mlkit-barcode-scanning:18.3.0] AndroidManifest.xml:14:17-82
99            <meta-data
99-->[com.google.mlkit:vision-common:17.3.0] AndroidManifest.xml:12:13-14:85
100                android:name="com.google.firebase.components:com.google.mlkit.vision.common.internal.VisionCommonRegistrar"
100-->[com.google.mlkit:vision-common:17.3.0] AndroidManifest.xml:13:17-124
101                android:value="com.google.firebase.components.ComponentRegistrar" />
101-->[com.google.mlkit:vision-common:17.3.0] AndroidManifest.xml:14:17-82
102            <meta-data
102-->[com.google.mlkit:common:18.9.0] AndroidManifest.xml:20:13-22:85
103                android:name="com.google.firebase.components:com.google.mlkit.common.internal.CommonComponentRegistrar"
103-->[com.google.mlkit:common:18.9.0] AndroidManifest.xml:21:17-120
104                android:value="com.google.firebase.components.ComponentRegistrar" />
104-->[com.google.mlkit:common:18.9.0] AndroidManifest.xml:22:17-82
105        </service>
106
107        <provider
107-->[com.google.mlkit:common:18.9.0] AndroidManifest.xml:9:9-13:38
108            android:name="com.google.mlkit.common.internal.MlKitInitProvider"
108-->[com.google.mlkit:common:18.9.0] AndroidManifest.xml:10:13-78
109            android:authorities="com.example.flutter_test_app.mlkitinitprovider"
109-->[com.google.mlkit:common:18.9.0] AndroidManifest.xml:11:13-69
110            android:exported="false"
110-->[com.google.mlkit:common:18.9.0] AndroidManifest.xml:12:13-37
111            android:initOrder="99" />
111-->[com.google.mlkit:common:18.9.0] AndroidManifest.xml:13:13-35
112
113        <activity
113-->[com.google.android.gms:play-services-base:18.1.0] AndroidManifest.xml:20:9-22:45
114            android:name="com.google.android.gms.common.api.GoogleApiActivity"
114-->[com.google.android.gms:play-services-base:18.1.0] AndroidManifest.xml:20:19-85
115            android:exported="false"
115-->[com.google.android.gms:play-services-base:18.1.0] AndroidManifest.xml:22:19-43
116            android:theme="@android:style/Theme.Translucent.NoTitleBar" />
116-->[com.google.android.gms:play-services-base:18.1.0] AndroidManifest.xml:21:19-78
117
118        <meta-data
118-->[com.google.android.gms:play-services-basement:18.1.0] AndroidManifest.xml:21:9-23:69
119            android:name="com.google.android.gms.version"
119-->[com.google.android.gms:play-services-basement:18.1.0] AndroidManifest.xml:22:13-58
120            android:value="@integer/google_play_services_version" />
120-->[com.google.android.gms:play-services-basement:18.1.0] AndroidManifest.xml:23:13-66
121
122        <uses-library
122-->[androidx.window:window:1.2.0] AndroidManifest.xml:23:9-25:40
123            android:name="androidx.window.extensions"
123-->[androidx.window:window:1.2.0] AndroidManifest.xml:24:13-54
124            android:required="false" />
124-->[androidx.window:window:1.2.0] AndroidManifest.xml:25:13-37
125        <uses-library
125-->[androidx.window:window:1.2.0] AndroidManifest.xml:26:9-28:40
126            android:name="androidx.window.sidecar"
126-->[androidx.window:window:1.2.0] AndroidManifest.xml:27:13-51
127            android:required="false" />
127-->[androidx.window:window:1.2.0] AndroidManifest.xml:28:13-37
128
129        <provider
129-->[androidx.lifecycle:lifecycle-process:2.7.0] AndroidManifest.xml:24:9-32:20
130            android:name="androidx.startup.InitializationProvider"
130-->[androidx.lifecycle:lifecycle-process:2.7.0] AndroidManifest.xml:25:13-67
131            android:authorities="com.example.flutter_test_app.androidx-startup"
131-->[androidx.lifecycle:lifecycle-process:2.7.0] AndroidManifest.xml:26:13-68
132            android:exported="false" >
132-->[androidx.lifecycle:lifecycle-process:2.7.0] AndroidManifest.xml:27:13-37
133            <meta-data
133-->[androidx.lifecycle:lifecycle-process:2.7.0] AndroidManifest.xml:29:13-31:52
134                android:name="androidx.lifecycle.ProcessLifecycleInitializer"
134-->[androidx.lifecycle:lifecycle-process:2.7.0] AndroidManifest.xml:30:17-78
135                android:value="androidx.startup" />
135-->[androidx.lifecycle:lifecycle-process:2.7.0] AndroidManifest.xml:31:17-49
136            <meta-data
136-->[androidx.profileinstaller:profileinstaller:1.3.1] AndroidManifest.xml:29:13-31:52
137                android:name="androidx.profileinstaller.ProfileInstallerInitializer"
137-->[androidx.profileinstaller:profileinstaller:1.3.1] AndroidManifest.xml:30:17-85
138                android:value="androidx.startup" />
138-->[androidx.profileinstaller:profileinstaller:1.3.1] AndroidManifest.xml:31:17-49
139        </provider>
140
141        <receiver
141-->[androidx.profileinstaller:profileinstaller:1.3.1] AndroidManifest.xml:34:9-52:20
142            android:name="androidx.profileinstaller.ProfileInstallReceiver"
142-->[androidx.profileinstaller:profileinstaller:1.3.1] AndroidManifest.xml:35:13-76
143            android:directBootAware="false"
143-->[androidx.profileinstaller:profileinstaller:1.3.1] AndroidManifest.xml:36:13-44
144            android:enabled="true"
144-->[androidx.profileinstaller:profileinstaller:1.3.1] AndroidManifest.xml:37:13-35
145            android:exported="true"
145-->[androidx.profileinstaller:profileinstaller:1.3.1] AndroidManifest.xml:38:13-36
146            android:permission="android.permission.DUMP" >
146-->[androidx.profileinstaller:profileinstaller:1.3.1] AndroidManifest.xml:39:13-57
147            <intent-filter>
147-->[androidx.profileinstaller:profileinstaller:1.3.1] AndroidManifest.xml:40:13-42:29
148                <action android:name="androidx.profileinstaller.action.INSTALL_PROFILE" />
148-->[androidx.profileinstaller:profileinstaller:1.3.1] AndroidManifest.xml:41:17-91
148-->[androidx.profileinstaller:profileinstaller:1.3.1] AndroidManifest.xml:41:25-88
149            </intent-filter>
150            <intent-filter>
150-->[androidx.profileinstaller:profileinstaller:1.3.1] AndroidManifest.xml:43:13-45:29
151                <action android:name="androidx.profileinstaller.action.SKIP_FILE" />
151-->[androidx.profileinstaller:profileinstaller:1.3.1] AndroidManifest.xml:44:17-85
151-->[androidx.profileinstaller:profileinstaller:1.3.1] AndroidManifest.xml:44:25-82
152            </intent-filter>
153            <intent-filter>
153-->[androidx.profileinstaller:profileinstaller:1.3.1] AndroidManifest.xml:46:13-48:29
154                <action android:name="androidx.profileinstaller.action.SAVE_PROFILE" />
154-->[androidx.profileinstaller:profileinstaller:1.3.1] AndroidManifest.xml:47:17-88
154-->[androidx.profileinstaller:profileinstaller:1.3.1] AndroidManifest.xml:47:25-85
155            </intent-filter>
156            <intent-filter>
156-->[androidx.profileinstaller:profileinstaller:1.3.1] AndroidManifest.xml:49:13-51:29
157                <action android:name="androidx.profileinstaller.action.BENCHMARK_OPERATION" />
157-->[androidx.profileinstaller:profileinstaller:1.3.1] AndroidManifest.xml:50:17-95
157-->[androidx.profileinstaller:profileinstaller:1.3.1] AndroidManifest.xml:50:25-92
158            </intent-filter>
159        </receiver>
160
161        <service
161-->[com.google.android.datatransport:transport-backend-cct:2.3.3] AndroidManifest.xml:29:9-35:19
162            android:name="com.google.android.datatransport.runtime.backends.TransportBackendDiscovery"
162-->[com.google.android.datatransport:transport-backend-cct:2.3.3] AndroidManifest.xml:30:13-103
163            android:exported="false" >
163-->[com.google.android.datatransport:transport-backend-cct:2.3.3] AndroidManifest.xml:31:13-37
164            <meta-data
164-->[com.google.android.datatransport:transport-backend-cct:2.3.3] AndroidManifest.xml:32:13-34:39
165                android:name="backend:com.google.android.datatransport.cct.CctBackendFactory"
165-->[com.google.android.datatransport:transport-backend-cct:2.3.3] AndroidManifest.xml:33:17-94
166                android:value="cct" />
166-->[com.google.android.datatransport:transport-backend-cct:2.3.3] AndroidManifest.xml:34:17-36
167        </service>
168        <service
168-->[com.google.android.datatransport:transport-runtime:2.2.6] AndroidManifest.xml:26:9-30:19
169            android:name="com.google.android.datatransport.runtime.scheduling.jobscheduling.JobInfoSchedulerService"
169-->[com.google.android.datatransport:transport-runtime:2.2.6] AndroidManifest.xml:27:13-117
170            android:exported="false"
170-->[com.google.android.datatransport:transport-runtime:2.2.6] AndroidManifest.xml:28:13-37
171            android:permission="android.permission.BIND_JOB_SERVICE" >
171-->[com.google.android.datatransport:transport-runtime:2.2.6] AndroidManifest.xml:29:13-69
172        </service>
173
174        <receiver
174-->[com.google.android.datatransport:transport-runtime:2.2.6] AndroidManifest.xml:32:9-34:40
175            android:name="com.google.android.datatransport.runtime.scheduling.jobscheduling.AlarmManagerSchedulerBroadcastReceiver"
175-->[com.google.android.datatransport:transport-runtime:2.2.6] AndroidManifest.xml:33:13-132
176            android:exported="false" />
176-->[com.google.android.datatransport:transport-runtime:2.2.6] AndroidManifest.xml:34:13-37
177    </application>
178
179</manifest>